mode: set
github.com/shion0625/FYP/backend/pkg/repository/auth.go:14.63,18.2 1 1
github.com/shion0625/FYP/backend/pkg/repository/auth.go:20.105,21.85 1 1
github.com/shion0625/FYP/backend/pkg/repository/auth.go:21.85,23.3 1 0
github.com/shion0625/FYP/backend/pkg/repository/auth.go:25.2,25.12 1 1
github.com/shion0625/FYP/backend/pkg/repository/auth.go:28.136,29.115 1 1
github.com/shion0625/FYP/backend/pkg/repository/auth.go:29.115,31.3 1 1
github.com/shion0625/FYP/backend/pkg/repository/auth.go:33.2,33.28 1 1
github.com/shion0625/FYP/backend/pkg/repository/order.go:20.65,24.2 1 0
github.com/shion0625/FYP/backend/pkg/repository/order.go:26.113,31.36 3 0
github.com/shion0625/FYP/backend/pkg/repository/order.go:31.36,35.3 2 0
github.com/shion0625/FYP/backend/pkg/repository/order.go:37.2,37.43 1 0
github.com/shion0625/FYP/backend/pkg/repository/order.go:37.43,41.3 2 0
github.com/shion0625/FYP/backend/pkg/repository/order.go:43.2,43.12 1 0
github.com/shion0625/FYP/backend/pkg/repository/order.go:46.136,50.16 3 0
github.com/shion0625/FYP/backend/pkg/repository/order.go:50.16,52.3 1 0
github.com/shion0625/FYP/backend/pkg/repository/order.go:54.2,54.47 1 0
github.com/shion0625/FYP/backend/pkg/repository/order.go:54.47,56.3 1 0
github.com/shion0625/FYP/backend/pkg/repository/order.go:58.2,61.22 3 0
github.com/shion0625/FYP/backend/pkg/repository/order.go:64.101,75.54 2 0
github.com/shion0625/FYP/backend/pkg/repository/order.go:75.54,77.3 1 0
github.com/shion0625/FYP/backend/pkg/repository/order.go:79.2,81.59 2 0
github.com/shion0625/FYP/backend/pkg/repository/order.go:81.59,91.67 4 0
github.com/shion0625/FYP/backend/pkg/repository/order.go:91.67,99.4 2 0
github.com/shion0625/FYP/backend/pkg/repository/order.go:101.3,101.65 1 0
github.com/shion0625/FYP/backend/pkg/repository/order.go:101.65,103.4 1 0
github.com/shion0625/FYP/backend/pkg/repository/order.go:106.2,106.66 1 0
github.com/shion0625/FYP/backend/pkg/repository/order.go:106.66,108.3 1 0
github.com/shion0625/FYP/backend/pkg/repository/order.go:110.2,110.12 1 0
github.com/shion0625/FYP/backend/pkg/repository/order.go:113.80,118.57 2 0
github.com/shion0625/FYP/backend/pkg/repository/order.go:118.57,120.3 1 0
github.com/shion0625/FYP/backend/pkg/repository/order.go:122.2,122.12 1 0
github.com/shion0625/FYP/backend/pkg/repository/order.go:125.140,130.184 4 0
github.com/shion0625/FYP/backend/pkg/repository/order.go:130.184,132.3 1 0
github.com/shion0625/FYP/backend/pkg/repository/order.go:134.2,136.39 2 0
github.com/shion0625/FYP/backend/pkg/repository/order.go:136.39,140.106 3 0
github.com/shion0625/FYP/backend/pkg/repository/order.go:140.106,142.4 1 0
github.com/shion0625/FYP/backend/pkg/repository/order.go:144.3,144.53 1 0
github.com/shion0625/FYP/backend/pkg/repository/order.go:144.53,148.156 3 0
github.com/shion0625/FYP/backend/pkg/repository/order.go:148.156,150.5 1 0
github.com/shion0625/FYP/backend/pkg/repository/order.go:152.4,152.50 1 0
github.com/shion0625/FYP/backend/pkg/repository/order.go:152.50,159.5 1 0
github.com/shion0625/FYP/backend/pkg/repository/order.go:161.4,165.6 1 0
github.com/shion0625/FYP/backend/pkg/repository/order.go:168.3,181.5 1 0
github.com/shion0625/FYP/backend/pkg/repository/order.go:185.2,185.8 1 0
github.com/shion0625/FYP/backend/pkg/repository/product.go:19.69,23.2 1 0
github.com/shion0625/FYP/backend/pkg/repository/product.go:25.117,30.36 3 0
github.com/shion0625/FYP/backend/pkg/repository/product.go:30.36,34.3 2 0
github.com/shion0625/FYP/backend/pkg/repository/product.go:36.2,36.43 1 0
github.com/shion0625/FYP/backend/pkg/repository/product.go:36.43,40.3 2 0
github.com/shion0625/FYP/backend/pkg/repository/product.go:42.2,42.12 1 0
github.com/shion0625/FYP/backend/pkg/repository/product.go:46.102,50.2 2 0
github.com/shion0625/FYP/backend/pkg/repository/product.go:53.91,57.2 2 0
github.com/shion0625/FYP/backend/pkg/repository/product.go:62.47,69.2 4 0
github.com/shion0625/FYP/backend/pkg/repository/product.go:74.48,78.2 2 0
github.com/shion0625/FYP/backend/pkg/repository/product.go:83.60,87.2 2 0
github.com/shion0625/FYP/backend/pkg/repository/product.go:92.27,96.2 2 0
github.com/shion0625/FYP/backend/pkg/repository/product.go:101.27,105.2 2 0
github.com/shion0625/FYP/backend/pkg/repository/product.go:108.104,112.2 2 0
github.com/shion0625/FYP/backend/pkg/repository/product.go:115.112,119.2 2 0
github.com/shion0625/FYP/backend/pkg/repository/product.go:122.115,126.2 2 0
github.com/shion0625/FYP/backend/pkg/repository/product.go:130.27,134.2 2 0
github.com/shion0625/FYP/backend/pkg/repository/product.go:136.108,140.2 2 0
github.com/shion0625/FYP/backend/pkg/repository/product.go:143.87,148.2 3 0
github.com/shion0625/FYP/backend/pkg/repository/product.go:151.89,157.2 3 0
github.com/shion0625/FYP/backend/pkg/repository/product.go:160.166,172.23 4 0
github.com/shion0625/FYP/backend/pkg/repository/product.go:172.23,174.3 1 0
github.com/shion0625/FYP/backend/pkg/repository/product.go:176.2,176.20 1 0
github.com/shion0625/FYP/backend/pkg/repository/product.go:176.20,178.3 1 0
github.com/shion0625/FYP/backend/pkg/repository/product.go:180.2,182.8 2 0
github.com/shion0625/FYP/backend/pkg/repository/product.go:186.129,190.2 2 0
github.com/shion0625/FYP/backend/pkg/repository/product.go:193.123,202.2 4 0
github.com/shion0625/FYP/backend/pkg/repository/product.go:207.38,213.2 2 0
github.com/shion0625/FYP/backend/pkg/repository/product.go:215.115,219.2 2 0
github.com/shion0625/FYP/backend/pkg/repository/product.go:221.125,226.2 3 0
github.com/shion0625/FYP/backend/pkg/repository/product.go:231.55,241.2 2 0
github.com/shion0625/FYP/backend/pkg/repository/product.go:246.73,254.2 2 0
github.com/shion0625/FYP/backend/pkg/repository/product.go:257.106,261.2 2 0
github.com/shion0625/FYP/backend/pkg/repository/product.go:264.119,268.2 2 0
github.com/shion0625/FYP/backend/pkg/repository/user.go:23.63,25.2 1 0
github.com/shion0625/FYP/backend/pkg/repository/user.go:27.104,31.2 2 0
github.com/shion0625/FYP/backend/pkg/repository/user.go:33.108,37.2 2 0
github.com/shion0625/FYP/backend/pkg/repository/user.go:39.102,43.2 2 0
github.com/shion0625/FYP/backend/pkg/repository/user.go:45.114,49.2 2 0
github.com/shion0625/FYP/backend/pkg/repository/user.go:53.33,58.2 2 0
github.com/shion0625/FYP/backend/pkg/repository/user.go:60.96,76.2 3 0
github.com/shion0625/FYP/backend/pkg/repository/user.go:78.122,87.2 2 0
github.com/shion0625/FYP/backend/pkg/repository/user.go:89.141,98.2 2 0
github.com/shion0625/FYP/backend/pkg/repository/user.go:100.134,108.44 3 0
github.com/shion0625/FYP/backend/pkg/repository/user.go:108.44,110.3 1 0
github.com/shion0625/FYP/backend/pkg/repository/user.go:112.2,112.18 1 0
github.com/shion0625/FYP/backend/pkg/repository/user.go:115.99,122.44 3 0
github.com/shion0625/FYP/backend/pkg/repository/user.go:122.44,124.3 1 0
github.com/shion0625/FYP/backend/pkg/repository/user.go:126.2,126.18 1 0
github.com/shion0625/FYP/backend/pkg/repository/user.go:129.106,133.25 3 0
github.com/shion0625/FYP/backend/pkg/repository/user.go:133.25,135.3 1 0
github.com/shion0625/FYP/backend/pkg/repository/user.go:137.2,137.24 1 0
github.com/shion0625/FYP/backend/pkg/repository/user.go:140.96,143.135 2 0
github.com/shion0625/FYP/backend/pkg/repository/user.go:143.135,145.3 1 0
github.com/shion0625/FYP/backend/pkg/repository/user.go:148.2,148.17 1 0
github.com/shion0625/FYP/backend/pkg/repository/user.go:148.17,150.3 1 0
github.com/shion0625/FYP/backend/pkg/repository/user.go:150.8,150.34 1 0
github.com/shion0625/FYP/backend/pkg/repository/user.go:150.34,152.75 2 0
github.com/shion0625/FYP/backend/pkg/repository/user.go:152.75,154.4 1 0
github.com/shion0625/FYP/backend/pkg/repository/user.go:158.2,158.80 1 0
github.com/shion0625/FYP/backend/pkg/repository/user.go:158.80,160.3 1 0
github.com/shion0625/FYP/backend/pkg/repository/user.go:162.2,162.12 1 0
github.com/shion0625/FYP/backend/pkg/repository/user.go:165.86,176.23 1 0
github.com/shion0625/FYP/backend/pkg/repository/user.go:176.23,178.3 1 0
github.com/shion0625/FYP/backend/pkg/repository/user.go:180.2,180.12 1 0
github.com/shion0625/FYP/backend/pkg/repository/user.go:183.83,186.25 2 0
github.com/shion0625/FYP/backend/pkg/repository/user.go:186.25,197.3 1 0
github.com/shion0625/FYP/backend/pkg/repository/user.go:197.8,207.3 1 0
github.com/shion0625/FYP/backend/pkg/repository/user.go:209.2,209.16 1 0
github.com/shion0625/FYP/backend/pkg/repository/user.go:209.16,211.3 1 0
github.com/shion0625/FYP/backend/pkg/repository/user.go:213.2,213.12 1 0
github.com/shion0625/FYP/backend/pkg/repository/user.go:216.98,218.27 1 0
github.com/shion0625/FYP/backend/pkg/repository/user.go:218.27,219.134 1 0
github.com/shion0625/FYP/backend/pkg/repository/user.go:219.134,221.4 1 0
github.com/shion0625/FYP/backend/pkg/repository/user.go:225.2,225.182 1 0
github.com/shion0625/FYP/backend/pkg/repository/user.go:225.182,227.3 1 0
github.com/shion0625/FYP/backend/pkg/repository/user.go:229.2,229.12 1 0
github.com/shion0625/FYP/backend/pkg/repository/user.go:232.140,240.2 2 0
github.com/shion0625/FYP/backend/pkg/repository/user.go:242.130,246.25 3 0
github.com/shion0625/FYP/backend/pkg/repository/user.go:246.25,248.3 1 0
github.com/shion0625/FYP/backend/pkg/repository/user.go:250.2,250.30 1 0
github.com/shion0625/FYP/backend/pkg/usecase/auth.go:37.26,43.2 1 0
github.com/shion0625/FYP/backend/pkg/usecase/auth.go:45.92,51.9 2 0
github.com/shion0625/FYP/backend/pkg/usecase/auth.go:52.29,53.63 1 0
github.com/shion0625/FYP/backend/pkg/usecase/auth.go:54.32,55.69 1 0
github.com/shion0625/FYP/backend/pkg/usecase/auth.go:56.29,57.69 1 0
github.com/shion0625/FYP/backend/pkg/usecase/auth.go:58.10,59.38 1 0
github.com/shion0625/FYP/backend/pkg/usecase/auth.go:62.2,62.16 1 0
github.com/shion0625/FYP/backend/pkg/usecase/auth.go:62.16,64.3 1 0
github.com/shion0625/FYP/backend/pkg/usecase/auth.go:66.2,66.19 1 0
github.com/shion0625/FYP/backend/pkg/usecase/auth.go:66.19,68.3 1 0
github.com/shion0625/FYP/backend/pkg/usecase/auth.go:70.2,70.22 1 0
github.com/shion0625/FYP/backend/pkg/usecase/auth.go:70.22,72.3 1 0
github.com/shion0625/FYP/backend/pkg/usecase/auth.go:79.2,79.99 1 0
github.com/shion0625/FYP/backend/pkg/usecase/auth.go:79.99,81.3 1 0
github.com/shion0625/FYP/backend/pkg/usecase/auth.go:83.2,83.21 1 0
github.com/shion0625/FYP/backend/pkg/usecase/auth.go:86.95,88.16 2 0
github.com/shion0625/FYP/backend/pkg/usecase/auth.go:88.16,90.3 1 0
github.com/shion0625/FYP/backend/pkg/usecase/auth.go:92.2,92.34 1 0
github.com/shion0625/FYP/backend/pkg/usecase/auth.go:92.34,95.51 2 0
github.com/shion0625/FYP/backend/pkg/usecase/auth.go:95.51,97.4 1 0
github.com/shion0625/FYP/backend/pkg/usecase/auth.go:99.3,99.45 1 0
github.com/shion0625/FYP/backend/pkg/usecase/auth.go:99.45,101.4 1 0
github.com/shion0625/FYP/backend/pkg/usecase/auth.go:103.3,103.45 1 0
github.com/shion0625/FYP/backend/pkg/usecase/auth.go:103.45,105.4 1 0
github.com/shion0625/FYP/backend/pkg/usecase/auth.go:107.3,107.41 1 0
github.com/shion0625/FYP/backend/pkg/usecase/auth.go:117.2,119.18 2 0
github.com/shion0625/FYP/backend/pkg/usecase/auth.go:119.18,121.17 2 0
github.com/shion0625/FYP/backend/pkg/usecase/auth.go:121.17,123.4 1 0
github.com/shion0625/FYP/backend/pkg/usecase/auth.go:125.3,128.17 3 0
github.com/shion0625/FYP/backend/pkg/usecase/auth.go:128.17,130.4 1 0
github.com/shion0625/FYP/backend/pkg/usecase/auth.go:133.2,133.23 1 0
github.com/shion0625/FYP/backend/pkg/usecase/auth.go:136.121,144.16 3 0
github.com/shion0625/FYP/backend/pkg/usecase/auth.go:144.16,146.3 1 0
github.com/shion0625/FYP/backend/pkg/usecase/auth.go:148.2,148.34 1 0
github.com/shion0625/FYP/backend/pkg/usecase/auth.go:151.122,160.16 4 0
github.com/shion0625/FYP/backend/pkg/usecase/auth.go:160.16,162.3 1 0
github.com/shion0625/FYP/backend/pkg/usecase/auth.go:164.2,171.16 2 0
github.com/shion0625/FYP/backend/pkg/usecase/auth.go:171.16,173.3 1 0
github.com/shion0625/FYP/backend/pkg/usecase/auth.go:175.2,177.34 2 0
github.com/shion0625/FYP/backend/pkg/usecase/auth.go:180.149,187.16 3 0
github.com/shion0625/FYP/backend/pkg/usecase/auth.go:187.16,189.3 1 0
github.com/shion0625/FYP/backend/pkg/usecase/auth.go:191.2,192.16 2 0
github.com/shion0625/FYP/backend/pkg/usecase/auth.go:192.16,194.3 1 0
github.com/shion0625/FYP/backend/pkg/usecase/auth.go:196.2,196.34 1 0
github.com/shion0625/FYP/backend/pkg/usecase/auth.go:196.34,198.3 1 0
github.com/shion0625/FYP/backend/pkg/usecase/auth.go:200.2,200.45 1 0
github.com/shion0625/FYP/backend/pkg/usecase/auth.go:200.45,202.3 1 0
github.com/shion0625/FYP/backend/pkg/usecase/auth.go:204.2,204.30 1 0
github.com/shion0625/FYP/backend/pkg/usecase/auth.go:204.30,206.3 1 0
github.com/shion0625/FYP/backend/pkg/usecase/auth.go:208.2,208.28 1 0
github.com/shion0625/FYP/backend/pkg/usecase/order.go:19.27,23.2 1 1
github.com/shion0625/FYP/backend/pkg/usecase/order.go:25.99,26.103 1 1
github.com/shion0625/FYP/backend/pkg/usecase/order.go:26.103,28.3 1 1
github.com/shion0625/FYP/backend/pkg/usecase/order.go:30.2,30.12 1 1
github.com/shion0625/FYP/backend/pkg/usecase/order.go:33.155,34.57 1 1
github.com/shion0625/FYP/backend/pkg/usecase/order.go:34.57,35.53 1 1
github.com/shion0625/FYP/backend/pkg/usecase/order.go:35.53,37.18 2 1
github.com/shion0625/FYP/backend/pkg/usecase/order.go:37.18,39.5 1 1
github.com/shion0625/FYP/backend/pkg/usecase/order.go:42.3,42.70 1 1
github.com/shion0625/FYP/backend/pkg/usecase/order.go:42.70,44.4 1 1
github.com/shion0625/FYP/backend/pkg/usecase/order.go:46.3,46.63 1 1
github.com/shion0625/FYP/backend/pkg/usecase/order.go:46.63,48.4 1 1
github.com/shion0625/FYP/backend/pkg/usecase/order.go:50.3,50.13 1 1
github.com/shion0625/FYP/backend/pkg/usecase/order.go:54.148,56.16 2 1
github.com/shion0625/FYP/backend/pkg/usecase/order.go:56.16,58.3 1 1
github.com/shion0625/FYP/backend/pkg/usecase/order.go:60.2,60.26 1 1
github.com/shion0625/FYP/backend/pkg/usecase/product.go:23.132,28.2 1 0
github.com/shion0625/FYP/backend/pkg/usecase/product.go:32.122,34.16 2 0
github.com/shion0625/FYP/backend/pkg/usecase/product.go:34.16,36.3 1 0
github.com/shion0625/FYP/backend/pkg/usecase/product.go:38.2,38.24 1 0
github.com/shion0625/FYP/backend/pkg/usecase/product.go:42.84,44.16 2 0
github.com/shion0625/FYP/backend/pkg/usecase/product.go:44.16,46.3 1 0
github.com/shion0625/FYP/backend/pkg/usecase/product.go:48.2,48.19 1 0
github.com/shion0625/FYP/backend/pkg/usecase/product.go:48.19,50.3 1 0
github.com/shion0625/FYP/backend/pkg/usecase/product.go:52.2,53.16 2 0
github.com/shion0625/FYP/backend/pkg/usecase/product.go:53.16,55.3 1 0
github.com/shion0625/FYP/backend/pkg/usecase/product.go:57.2,57.12 1 0
github.com/shion0625/FYP/backend/pkg/usecase/product.go:61.106,62.87 1 0
github.com/shion0625/FYP/backend/pkg/usecase/product.go:62.87,63.48 1 0
github.com/shion0625/FYP/backend/pkg/usecase/product.go:63.48,65.18 2 0
github.com/shion0625/FYP/backend/pkg/usecase/product.go:65.18,67.5 1 0
github.com/shion0625/FYP/backend/pkg/usecase/product.go:69.4,69.22 1 0
github.com/shion0625/FYP/backend/pkg/usecase/product.go:69.22,71.5 1 0
github.com/shion0625/FYP/backend/pkg/usecase/product.go:73.4,74.18 2 0
github.com/shion0625/FYP/backend/pkg/usecase/product.go:74.18,76.5 1 0
github.com/shion0625/FYP/backend/pkg/usecase/product.go:79.3,79.13 1 0
github.com/shion0625/FYP/backend/pkg/usecase/product.go:81.2,81.16 1 0
github.com/shion0625/FYP/backend/pkg/usecase/product.go:81.16,83.3 1 0
github.com/shion0625/FYP/backend/pkg/usecase/product.go:85.2,85.12 1 0
github.com/shion0625/FYP/backend/pkg/usecase/product.go:89.120,90.87 1 0
github.com/shion0625/FYP/backend/pkg/usecase/product.go:90.87,91.56 1 0
github.com/shion0625/FYP/backend/pkg/usecase/product.go:91.56,93.18 2 0
github.com/shion0625/FYP/backend/pkg/usecase/product.go:93.18,95.5 1 0
github.com/shion0625/FYP/backend/pkg/usecase/product.go:96.4,96.18 1 0
github.com/shion0625/FYP/backend/pkg/usecase/product.go:96.18,98.5 1 0
github.com/shion0625/FYP/backend/pkg/usecase/product.go:100.4,101.18 2 0
github.com/shion0625/FYP/backend/pkg/usecase/product.go:101.18,103.5 1 0
github.com/shion0625/FYP/backend/pkg/usecase/product.go:106.3,106.13 1 0
github.com/shion0625/FYP/backend/pkg/usecase/product.go:108.2,108.16 1 0
github.com/shion0625/FYP/backend/pkg/usecase/product.go:108.16,110.3 1 0
github.com/shion0625/FYP/backend/pkg/usecase/product.go:112.2,112.12 1 0
github.com/shion0625/FYP/backend/pkg/usecase/product.go:115.121,117.16 2 0
github.com/shion0625/FYP/backend/pkg/usecase/product.go:117.16,119.3 1 0
github.com/shion0625/FYP/backend/pkg/usecase/product.go:122.2,122.39 1 0
github.com/shion0625/FYP/backend/pkg/usecase/product.go:122.39,124.17 2 0
github.com/shion0625/FYP/backend/pkg/usecase/product.go:124.17,126.4 1 0
github.com/shion0625/FYP/backend/pkg/usecase/product.go:128.3,128.51 1 0
github.com/shion0625/FYP/backend/pkg/usecase/product.go:131.2,131.24 1 0
github.com/shion0625/FYP/backend/pkg/usecase/product.go:135.152,137.16 2 0
github.com/shion0625/FYP/backend/pkg/usecase/product.go:137.16,139.3 1 0
github.com/shion0625/FYP/backend/pkg/usecase/product.go:141.2,141.26 1 0
github.com/shion0625/FYP/backend/pkg/usecase/product.go:141.26,143.17 2 0
github.com/shion0625/FYP/backend/pkg/usecase/product.go:143.17,146.12 2 0
github.com/shion0625/FYP/backend/pkg/usecase/product.go:149.3,149.26 1 0
github.com/shion0625/FYP/backend/pkg/usecase/product.go:152.2,152.22 1 0
github.com/shion0625/FYP/backend/pkg/usecase/product.go:155.97,157.16 2 0
github.com/shion0625/FYP/backend/pkg/usecase/product.go:157.16,159.3 1 0
github.com/shion0625/FYP/backend/pkg/usecase/product.go:161.2,162.16 2 0
github.com/shion0625/FYP/backend/pkg/usecase/product.go:162.16,164.3 1 0
github.com/shion0625/FYP/backend/pkg/usecase/product.go:166.2,168.21 2 0
github.com/shion0625/FYP/backend/pkg/usecase/product.go:172.87,174.16 2 0
github.com/shion0625/FYP/backend/pkg/usecase/product.go:174.16,176.3 1 0
github.com/shion0625/FYP/backend/pkg/usecase/product.go:178.2,178.22 1 0
github.com/shion0625/FYP/backend/pkg/usecase/product.go:178.22,180.3 1 0
github.com/shion0625/FYP/backend/pkg/usecase/product.go:182.2,183.16 2 0
github.com/shion0625/FYP/backend/pkg/usecase/product.go:183.16,185.3 1 0
github.com/shion0625/FYP/backend/pkg/usecase/product.go:187.2,195.16 2 0
github.com/shion0625/FYP/backend/pkg/usecase/product.go:195.16,197.3 1 0
github.com/shion0625/FYP/backend/pkg/usecase/product.go:199.2,199.12 1 0
github.com/shion0625/FYP/backend/pkg/usecase/product.go:203.115,205.16 2 0
github.com/shion0625/FYP/backend/pkg/usecase/product.go:205.16,207.3 1 0
github.com/shion0625/FYP/backend/pkg/usecase/product.go:209.2,209.64 1 0
github.com/shion0625/FYP/backend/pkg/usecase/product.go:209.64,211.3 1 0
github.com/shion0625/FYP/backend/pkg/usecase/product.go:214.2,215.16 2 0
github.com/shion0625/FYP/backend/pkg/usecase/product.go:215.16,217.3 1 0
github.com/shion0625/FYP/backend/pkg/usecase/product.go:219.2,219.22 1 0
github.com/shion0625/FYP/backend/pkg/usecase/product.go:219.22,221.3 1 0
github.com/shion0625/FYP/backend/pkg/usecase/product.go:223.2,223.89 1 0
github.com/shion0625/FYP/backend/pkg/usecase/product.go:223.89,225.17 2 0
github.com/shion0625/FYP/backend/pkg/usecase/product.go:225.17,227.4 1 0
github.com/shion0625/FYP/backend/pkg/usecase/product.go:229.3,237.17 3 0
github.com/shion0625/FYP/backend/pkg/usecase/product.go:237.17,239.4 1 0
github.com/shion0625/FYP/backend/pkg/usecase/product.go:241.3,246.13 4 0
github.com/shion0625/FYP/backend/pkg/usecase/product.go:246.13,248.69 1 0
github.com/shion0625/FYP/backend/pkg/usecase/product.go:248.69,249.12 1 0
github.com/shion0625/FYP/backend/pkg/usecase/product.go:250.26,251.12 1 0
github.com/shion0625/FYP/backend/pkg/usecase/product.go:252.13,254.20 2 0
github.com/shion0625/FYP/backend/pkg/usecase/product.go:254.20,258.7 2 0
github.com/shion0625/FYP/backend/pkg/usecase/product.go:261.4,261.18 1 0
github.com/shion0625/FYP/backend/pkg/usecase/product.go:264.3,264.13 1 0
github.com/shion0625/FYP/backend/pkg/usecase/product.go:264.13,266.59 1 0
github.com/shion0625/FYP/backend/pkg/usecase/product.go:266.59,267.12 1 0
github.com/shion0625/FYP/backend/pkg/usecase/product.go:268.26,269.12 1 0
github.com/shion0625/FYP/backend/pkg/usecase/product.go:270.13,273.20 2 0
github.com/shion0625/FYP/backend/pkg/usecase/product.go:273.20,277.7 2 0
github.com/shion0625/FYP/backend/pkg/usecase/product.go:279.6,280.20 2 0
github.com/shion0625/FYP/backend/pkg/usecase/product.go:280.20,284.7 2 0
github.com/shion0625/FYP/backend/pkg/usecase/product.go:287.4,287.18 1 0
github.com/shion0625/FYP/backend/pkg/usecase/product.go:291.3,291.27 1 0
github.com/shion0625/FYP/backend/pkg/usecase/product.go:291.27,292.11 1 0
github.com/shion0625/FYP/backend/pkg/usecase/product.go:293.42,294.15 1 0
github.com/shion0625/FYP/backend/pkg/usecase/product.go:295.26,296.19 1 0
github.com/shion0625/FYP/backend/pkg/usecase/product.go:296.19,298.6 1 0
github.com/shion0625/FYP/backend/pkg/usecase/product.go:303.3,303.13 1 0
github.com/shion0625/FYP/backend/pkg/usecase/product.go:306.2,306.16 1 0
github.com/shion0625/FYP/backend/pkg/usecase/product.go:306.16,308.3 1 0
github.com/shion0625/FYP/backend/pkg/usecase/product.go:310.2,310.12 1 0
github.com/shion0625/FYP/backend/pkg/usecase/product.go:322.128,325.55 2 0
github.com/shion0625/FYP/backend/pkg/usecase/product.go:325.55,328.17 2 0
github.com/shion0625/FYP/backend/pkg/usecase/product.go:328.17,330.4 1 0
github.com/shion0625/FYP/backend/pkg/usecase/product.go:332.3,332.31 1 0
github.com/shion0625/FYP/backend/pkg/usecase/product.go:332.31,334.4 1 0
github.com/shion0625/FYP/backend/pkg/usecase/product.go:336.3,336.48 1 0
github.com/shion0625/FYP/backend/pkg/usecase/product.go:336.48,339.58 2 0
github.com/shion0625/FYP/backend/pkg/usecase/product.go:339.58,341.5 1 0
github.com/shion0625/FYP/backend/pkg/usecase/product.go:345.2,345.19 1 0
github.com/shion0625/FYP/backend/pkg/usecase/product.go:349.113,353.36 3 0
github.com/shion0625/FYP/backend/pkg/usecase/product.go:353.36,369.3 1 0
github.com/shion0625/FYP/backend/pkg/usecase/product.go:371.2,371.16 1 0
github.com/shion0625/FYP/backend/pkg/usecase/product.go:371.16,373.3 1 0
github.com/shion0625/FYP/backend/pkg/usecase/product.go:375.2,380.12 4 0
github.com/shion0625/FYP/backend/pkg/usecase/product.go:380.12,382.39 1 0
github.com/shion0625/FYP/backend/pkg/usecase/product.go:382.39,383.11 1 0
github.com/shion0625/FYP/backend/pkg/usecase/product.go:384.42,385.11 1 0
github.com/shion0625/FYP/backend/pkg/usecase/product.go:386.12,388.19 2 0
github.com/shion0625/FYP/backend/pkg/usecase/product.go:388.19,392.6 2 0
github.com/shion0625/FYP/backend/pkg/usecase/product.go:394.5,394.62 1 0
github.com/shion0625/FYP/backend/pkg/usecase/product.go:397.3,397.17 1 0
github.com/shion0625/FYP/backend/pkg/usecase/product.go:400.2,400.12 1 0
github.com/shion0625/FYP/backend/pkg/usecase/product.go:400.12,402.39 1 0
github.com/shion0625/FYP/backend/pkg/usecase/product.go:402.39,403.11 1 0
github.com/shion0625/FYP/backend/pkg/usecase/product.go:404.25,405.11 1 0
github.com/shion0625/FYP/backend/pkg/usecase/product.go:406.12,411.27 3 0
github.com/shion0625/FYP/backend/pkg/usecase/product.go:411.27,413.20 2 0
github.com/shion0625/FYP/backend/pkg/usecase/product.go:413.20,415.7 1 0
github.com/shion0625/FYP/backend/pkg/usecase/product.go:417.6,417.24 1 0
github.com/shion0625/FYP/backend/pkg/usecase/product.go:420.5,420.19 1 0
github.com/shion0625/FYP/backend/pkg/usecase/product.go:420.19,424.6 2 0
github.com/shion0625/FYP/backend/pkg/usecase/product.go:426.5,426.47 1 0
github.com/shion0625/FYP/backend/pkg/usecase/product.go:429.3,429.17 1 0
github.com/shion0625/FYP/backend/pkg/usecase/product.go:433.2,433.26 1 0
github.com/shion0625/FYP/backend/pkg/usecase/product.go:433.26,434.10 1 0
github.com/shion0625/FYP/backend/pkg/usecase/product.go:435.41,436.19 1 0
github.com/shion0625/FYP/backend/pkg/usecase/product.go:437.25,439.18 1 0
github.com/shion0625/FYP/backend/pkg/usecase/product.go:439.18,441.5 1 0
github.com/shion0625/FYP/backend/pkg/usecase/product.go:445.2,445.34 1 0
github.com/shion0625/FYP/backend/pkg/usecase/product.go:448.94,450.16 2 0
github.com/shion0625/FYP/backend/pkg/usecase/product.go:450.16,452.3 1 0
github.com/shion0625/FYP/backend/pkg/usecase/product.go:454.2,454.23 1 0
github.com/shion0625/FYP/backend/pkg/usecase/product.go:454.23,456.3 1 0
github.com/shion0625/FYP/backend/pkg/usecase/product.go:460.2,461.16 2 0
github.com/shion0625/FYP/backend/pkg/usecase/product.go:461.16,463.3 1 0
github.com/shion0625/FYP/backend/pkg/usecase/product.go:465.2,465.12 1 0
github.com/shion0625/FYP/backend/pkg/usecase/user.go:30.97,35.2 1 0
github.com/shion0625/FYP/backend/pkg/usecase/user.go:37.90,39.16 2 0
github.com/shion0625/FYP/backend/pkg/usecase/user.go:39.16,41.3 1 0
github.com/shion0625/FYP/backend/pkg/usecase/user.go:43.2,43.18 1 0
github.com/shion0625/FYP/backend/pkg/usecase/user.go:46.80,49.16 2 0
github.com/shion0625/FYP/backend/pkg/usecase/user.go:49.16,51.3 1 0
github.com/shion0625/FYP/backend/pkg/usecase/user.go:53.2,53.24 1 0
github.com/shion0625/FYP/backend/pkg/usecase/user.go:53.24,54.75 1 0
github.com/shion0625/FYP/backend/pkg/usecase/user.go:54.75,56.4 1 0
github.com/shion0625/FYP/backend/pkg/usecase/user.go:60.2,60.25 1 0
github.com/shion0625/FYP/backend/pkg/usecase/user.go:60.25,62.17 2 0
github.com/shion0625/FYP/backend/pkg/usecase/user.go:62.17,64.4 1 0
github.com/shion0625/FYP/backend/pkg/usecase/user.go:66.3,66.31 1 0
github.com/shion0625/FYP/backend/pkg/usecase/user.go:69.2,71.16 2 0
github.com/shion0625/FYP/backend/pkg/usecase/user.go:71.16,73.3 1 0
github.com/shion0625/FYP/backend/pkg/usecase/user.go:75.2,75.12 1 0
github.com/shion0625/FYP/backend/pkg/usecase/user.go:79.115,81.16 2 0
github.com/shion0625/FYP/backend/pkg/usecase/user.go:81.16,83.3 1 0
github.com/shion0625/FYP/backend/pkg/usecase/user.go:85.2,85.11 1 0
github.com/shion0625/FYP/backend/pkg/usecase/user.go:85.11,87.3 1 0
github.com/shion0625/FYP/backend/pkg/usecase/user.go:90.2,91.16 2 0
github.com/shion0625/FYP/backend/pkg/usecase/user.go:91.16,93.3 1 0
github.com/shion0625/FYP/backend/pkg/usecase/user.go:95.2,104.16 3 0
github.com/shion0625/FYP/backend/pkg/usecase/user.go:104.16,106.3 1 0
github.com/shion0625/FYP/backend/pkg/usecase/user.go:108.2,108.12 1 0
github.com/shion0625/FYP/backend/pkg/usecase/user.go:111.110,112.80 1 0
github.com/shion0625/FYP/backend/pkg/usecase/user.go:112.80,114.3 1 0
github.com/shion0625/FYP/backend/pkg/usecase/user.go:114.8,114.19 1 0
github.com/shion0625/FYP/backend/pkg/usecase/user.go:114.19,116.3 1 0
github.com/shion0625/FYP/backend/pkg/usecase/user.go:118.2,119.60 2 0
github.com/shion0625/FYP/backend/pkg/usecase/user.go:119.60,121.3 1 0
github.com/shion0625/FYP/backend/pkg/usecase/user.go:123.2,123.63 1 0
github.com/shion0625/FYP/backend/pkg/usecase/user.go:123.63,125.3 1 0
github.com/shion0625/FYP/backend/pkg/usecase/user.go:128.2,128.60 1 0
github.com/shion0625/FYP/backend/pkg/usecase/user.go:128.60,136.17 3 0
github.com/shion0625/FYP/backend/pkg/usecase/user.go:136.17,138.4 1 0
github.com/shion0625/FYP/backend/pkg/usecase/user.go:141.2,143.12 2 0
github.com/shion0625/FYP/backend/pkg/usecase/user.go:147.113,149.16 2 0
github.com/shion0625/FYP/backend/pkg/usecase/user.go:149.16,151.3 1 0
github.com/shion0625/FYP/backend/pkg/usecase/user.go:153.2,153.23 1 0
github.com/shion0625/FYP/backend/pkg/usecase/user.go:156.109,158.16 2 0
github.com/shion0625/FYP/backend/pkg/usecase/user.go:158.16,160.3 1 0
github.com/shion0625/FYP/backend/pkg/usecase/user.go:162.2,162.18 1 0
github.com/shion0625/FYP/backend/pkg/usecase/user.go:165.129,167.16 2 0
github.com/shion0625/FYP/backend/pkg/usecase/user.go:167.16,169.3 1 0
github.com/shion0625/FYP/backend/pkg/usecase/user.go:171.2,171.40 1 0
github.com/shion0625/FYP/backend/pkg/usecase/user.go:171.40,173.58 2 0
github.com/shion0625/FYP/backend/pkg/usecase/user.go:173.58,175.4 1 0
github.com/shion0625/FYP/backend/pkg/usecase/user.go:178.2,178.28 1 0
github.com/shion0625/FYP/backend/pkg/usecase/user.go:182.118,190.16 2 0
github.com/shion0625/FYP/backend/pkg/usecase/user.go:190.16,192.3 1 0
github.com/shion0625/FYP/backend/pkg/usecase/user.go:194.2,194.12 1 0
github.com/shion0625/FYP/backend/pkg/utils/compare.go:10.65,12.32 2 1
github.com/shion0625/FYP/backend/pkg/utils/compare.go:12.32,14.3 1 1
github.com/shion0625/FYP/backend/pkg/utils/compare.go:16.2,16.38 1 1
github.com/shion0625/FYP/backend/pkg/utils/compare.go:16.38,18.3 1 1
github.com/shion0625/FYP/backend/pkg/utils/compare.go:20.2,20.32 1 1
github.com/shion0625/FYP/backend/pkg/utils/compare.go:20.32,22.3 1 1
github.com/shion0625/FYP/backend/pkg/utils/compare.go:24.2,24.16 1 1
github.com/shion0625/FYP/backend/pkg/utils/compare.go:24.16,26.3 1 1
github.com/shion0625/FYP/backend/pkg/utils/compare.go:28.2,28.12 1 1
github.com/shion0625/FYP/backend/pkg/utils/credit_card.go:12.81,18.16 5 1
github.com/shion0625/FYP/backend/pkg/utils/credit_card.go:18.16,19.21 1 0
github.com/shion0625/FYP/backend/pkg/utils/credit_card.go:22.2,23.16 2 1
github.com/shion0625/FYP/backend/pkg/utils/credit_card.go:23.16,24.21 1 0
github.com/shion0625/FYP/backend/pkg/utils/credit_card.go:27.2,28.58 2 1
github.com/shion0625/FYP/backend/pkg/utils/credit_card.go:28.58,29.21 1 0
github.com/shion0625/FYP/backend/pkg/utils/credit_card.go:32.2,34.39 2 1
github.com/shion0625/FYP/backend/pkg/utils/credit_card.go:37.81,43.16 5 1
github.com/shion0625/FYP/backend/pkg/utils/credit_card.go:43.16,44.21 1 0
github.com/shion0625/FYP/backend/pkg/utils/credit_card.go:47.2,48.16 2 1
github.com/shion0625/FYP/backend/pkg/utils/credit_card.go:48.16,49.21 1 0
github.com/shion0625/FYP/backend/pkg/utils/credit_card.go:52.2,56.16 4 1
github.com/shion0625/FYP/backend/pkg/utils/credit_card.go:56.16,57.21 1 0
github.com/shion0625/FYP/backend/pkg/utils/credit_card.go:60.2,60.26 1 1
github.com/shion0625/FYP/backend/pkg/utils/credit_card.go:63.46,64.9 1 1
github.com/shion0625/FYP/backend/pkg/utils/credit_card.go:65.42,66.16 1 1
github.com/shion0625/FYP/backend/pkg/utils/credit_card.go:67.42,68.22 1 1
github.com/shion0625/FYP/backend/pkg/utils/credit_card.go:69.82,70.28 1 1
github.com/shion0625/FYP/backend/pkg/utils/credit_card.go:71.42,72.20 1 1
github.com/shion0625/FYP/backend/pkg/utils/credit_card.go:73.43,74.23 1 1
github.com/shion0625/FYP/backend/pkg/utils/credit_card.go:75.10,76.19 1 1
github.com/shion0625/FYP/backend/pkg/utils/errors.go:9.60,10.16 1 1
github.com/shion0625/FYP/backend/pkg/utils/errors.go:10.16,12.3 1 1
github.com/shion0625/FYP/backend/pkg/utils/errors.go:14.2,14.44 1 1
github.com/shion0625/FYP/backend/pkg/utils/get_param_id.go:12.62,15.17 2 1
github.com/shion0625/FYP/backend/pkg/utils/get_param_id.go:15.17,18.3 1 1
github.com/shion0625/FYP/backend/pkg/utils/get_param_id.go:20.2,21.16 2 1
github.com/shion0625/FYP/backend/pkg/utils/get_param_id.go:21.16,23.3 1 1
github.com/shion0625/FYP/backend/pkg/utils/get_param_id.go:25.2,25.17 1 1
github.com/shion0625/FYP/backend/pkg/utils/helper.go:23.61,25.9 2 1
github.com/shion0625/FYP/backend/pkg/utils/helper.go:25.9,27.3 1 1
github.com/shion0625/FYP/backend/pkg/utils/helper.go:29.2,29.20 1 1
github.com/shion0625/FYP/backend/pkg/utils/helper.go:32.54,36.2 2 1
github.com/shion0625/FYP/backend/pkg/utils/helper.go:39.36,43.16 3 1
github.com/shion0625/FYP/backend/pkg/utils/helper.go:43.16,45.3 1 1
github.com/shion0625/FYP/backend/pkg/utils/helper.go:47.2,47.37 1 1
github.com/shion0625/FYP/backend/pkg/utils/helper.go:50.85,51.102 1 1
github.com/shion0625/FYP/backend/pkg/utils/helper.go:51.102,53.3 1 1
github.com/shion0625/FYP/backend/pkg/utils/helper.go:55.2,55.12 1 1
github.com/shion0625/FYP/backend/pkg/utils/helper.go:58.36,60.2 1 1
github.com/shion0625/FYP/backend/pkg/utils/hsash.go:5.64,9.2 2 1
github.com/shion0625/FYP/backend/pkg/utils/hsash.go:11.66,15.2 2 1
