mode: set
github.com/shion0625/FYP/backend/pkg/utils/compare.go:10.65,12.32 2 1
github.com/shion0625/FYP/backend/pkg/utils/compare.go:12.32,14.3 1 1
github.com/shion0625/FYP/backend/pkg/utils/compare.go:16.2,16.38 1 1
github.com/shion0625/FYP/backend/pkg/utils/compare.go:16.38,18.3 1 1
github.com/shion0625/FYP/backend/pkg/utils/compare.go:20.2,20.32 1 1
github.com/shion0625/FYP/backend/pkg/utils/compare.go:20.32,22.3 1 1
github.com/shion0625/FYP/backend/pkg/utils/compare.go:24.2,24.16 1 1
github.com/shion0625/FYP/backend/pkg/utils/compare.go:24.16,26.3 1 1
github.com/shion0625/FYP/backend/pkg/utils/compare.go:28.2,28.12 1 1
github.com/shion0625/FYP/backend/pkg/utils/credit_card.go:12.81,18.16 5 1
github.com/shion0625/FYP/backend/pkg/utils/credit_card.go:18.16,19.21 1 0
github.com/shion0625/FYP/backend/pkg/utils/credit_card.go:22.2,23.16 2 1
github.com/shion0625/FYP/backend/pkg/utils/credit_card.go:23.16,24.21 1 0
github.com/shion0625/FYP/backend/pkg/utils/credit_card.go:27.2,28.58 2 1
github.com/shion0625/FYP/backend/pkg/utils/credit_card.go:28.58,29.21 1 0
github.com/shion0625/FYP/backend/pkg/utils/credit_card.go:32.2,34.39 2 1
github.com/shion0625/FYP/backend/pkg/utils/credit_card.go:37.81,43.16 5 1
github.com/shion0625/FYP/backend/pkg/utils/credit_card.go:43.16,44.21 1 0
github.com/shion0625/FYP/backend/pkg/utils/credit_card.go:47.2,48.16 2 1
github.com/shion0625/FYP/backend/pkg/utils/credit_card.go:48.16,49.21 1 0
github.com/shion0625/FYP/backend/pkg/utils/credit_card.go:52.2,56.16 4 1
github.com/shion0625/FYP/backend/pkg/utils/credit_card.go:56.16,57.21 1 0
github.com/shion0625/FYP/backend/pkg/utils/credit_card.go:60.2,60.26 1 1
github.com/shion0625/FYP/backend/pkg/utils/credit_card.go:63.46,64.9 1 1
github.com/shion0625/FYP/backend/pkg/utils/credit_card.go:65.42,66.16 1 1
github.com/shion0625/FYP/backend/pkg/utils/credit_card.go:67.42,68.22 1 1
github.com/shion0625/FYP/backend/pkg/utils/credit_card.go:69.82,70.28 1 1
github.com/shion0625/FYP/backend/pkg/utils/credit_card.go:71.42,72.20 1 1
github.com/shion0625/FYP/backend/pkg/utils/credit_card.go:73.43,74.23 1 1
github.com/shion0625/FYP/backend/pkg/utils/credit_card.go:75.10,76.19 1 1
github.com/shion0625/FYP/backend/pkg/utils/errors.go:9.60,10.16 1 1
github.com/shion0625/FYP/backend/pkg/utils/errors.go:10.16,12.3 1 1
github.com/shion0625/FYP/backend/pkg/utils/errors.go:14.2,14.44 1 1
github.com/shion0625/FYP/backend/pkg/utils/get_param_id.go:12.62,15.17 2 1
github.com/shion0625/FYP/backend/pkg/utils/get_param_id.go:15.17,18.3 1 1
github.com/shion0625/FYP/backend/pkg/utils/get_param_id.go:20.2,21.16 2 1
github.com/shion0625/FYP/backend/pkg/utils/get_param_id.go:21.16,23.3 1 1
github.com/shion0625/FYP/backend/pkg/utils/get_param_id.go:25.2,25.17 1 1
github.com/shion0625/FYP/backend/pkg/utils/helper.go:23.61,25.9 2 1
github.com/shion0625/FYP/backend/pkg/utils/helper.go:25.9,27.3 1 1
github.com/shion0625/FYP/backend/pkg/utils/helper.go:29.2,29.20 1 1
github.com/shion0625/FYP/backend/pkg/utils/helper.go:32.54,36.2 2 1
github.com/shion0625/FYP/backend/pkg/utils/helper.go:39.36,43.16 3 1
github.com/shion0625/FYP/backend/pkg/utils/helper.go:43.16,45.3 1 1
github.com/shion0625/FYP/backend/pkg/utils/helper.go:47.2,47.37 1 1
github.com/shion0625/FYP/backend/pkg/utils/helper.go:50.85,51.102 1 1
github.com/shion0625/FYP/backend/pkg/utils/helper.go:51.102,53.3 1 1
github.com/shion0625/FYP/backend/pkg/utils/helper.go:55.2,55.12 1 1
github.com/shion0625/FYP/backend/pkg/utils/helper.go:58.36,60.2 1 1
github.com/shion0625/FYP/backend/pkg/utils/hsash.go:5.64,9.2 2 1
github.com/shion0625/FYP/backend/pkg/utils/hsash.go:11.66,15.2 2 1
